<?xml version="1.0" encoding="UTF-8"?>
<!-- Generated by org.testng.reporters.JUnitReportReporter -->
<testsuite hostname="Anshul-Laptop" failures="0" tests="1" name="com.app.TesrNGScripts.AssertionsExample" time="0.729" errors="0" timestamp="2023-11-14T09:44:04 IST" skipped="0">
  <testcase classname="com.app.TesrNGScripts.AssertionsExample" name="getTitle" time="0.729"/>
  <system-out/>
</testsuite> <!-- com.app.TesrNGScripts.AssertionsExample -->
