<?xml version="1.0" encoding="UTF-8"?>
<!-- Generated by org.testng.reporters.JUnitReportReporter -->
<testsuite hostname="Anshul-Laptop" failures="0" tests="4" name="com.app.TesrNGScripts.ParallelTestDemo" time="248.775" errors="0" timestamp="2023-11-14T13:46:08 IST" skipped="0">
  <testcase classname="com.app.TesrNGScripts.ParallelTestDemo" name="ninjaPage2" time="62.970"/>
  <system-out/>
  <testcase classname="com.app.TesrNGScripts.ParallelTestDemo" name="ninjaPage1" time="62.680"/>
  <system-out/>
  <testcase classname="com.app.TesrNGScripts.ParallelTestDemo" name="wikiPage2" time="61.698"/>
  <system-out/>
  <testcase classname="com.app.TesrNGScripts.ParallelTestDemo" name="wikiPage1" time="61.427"/>
  <system-out/>
</testsuite> <!-- com.app.TesrNGScripts.ParallelTestDemo -->
