<?xml version="1.0" encoding="UTF-8"?>
<!-- Generated by org.testng.reporters.JUnitReportReporter -->
<testsuite hostname="Anshul-Laptop" failures="0" tests="3" name="com.app.TestNG.DataDrivenTesting.ParameterDemo" time="3.480" errors="0" timestamp="2023-11-15T10:03:28 IST" skipped="0">
  <testcase classname="com.app.TestNG.DataDrivenTesting.ParameterDemo" name="login" time="1.140"/>
  <system-out/>
  <testcase classname="com.app.TestNG.DataDrivenTesting.ParameterDemo" name="login" time="1.178"/>
  <system-out/>
  <testcase classname="com.app.TestNG.DataDrivenTesting.ParameterDemo" name="login" time="1.162"/>
  <system-out/>
</testsuite> <!-- com.app.TestNG.DataDrivenTesting.ParameterDemo -->
