<?xml version="1.0" encoding="UTF-8"?>
<!-- Generated by org.testng.reporters.JUnitReportReporter -->
<testsuite hostname="Anshul-Laptop" failures="0" tests="1" name="com.app.TestNG.DataDrivenTesting.WikiCreateAccount" time="0.000" errors="0" timestamp="2023-11-15T11:40:56 IST" skipped="1">
  <testcase classname="com.app.TestNG.DataDrivenTesting.WikiCreateAccount" name="CreateAccount" time="0.000">
    <skipped/>
  </testcase> <!-- CreateAccount -->
  <system-out/>
</testsuite> <!-- com.app.TestNG.DataDrivenTesting.WikiCreateAccount -->
