<?xml version="1.0" encoding="UTF-8"?>
<!-- Generated by org.testng.reporters.JUnitReportReporter -->
<testsuite hostname="Anshul-Laptop" failures="0" tests="1" name="com.app.TesrNGScripts.SoftAssertionExample" time="1.670" errors="0" timestamp="2023-11-14T10:22:31 IST" skipped="0">
  <testcase classname="com.app.TesrNGScripts.SoftAssertionExample" name="GetTitle" time="1.670"/>
  <system-out/>
</testsuite> <!-- com.app.TesrNGScripts.SoftAssertionExample -->
