<?xml version="1.0" encoding="UTF-8"?>
<!-- Generated by org.testng.reporters.JUnitReportReporter -->
<testsuite hostname="Anshul-Laptop" failures="0" tests="3" name="com.app.TestNG.DataDrivenTesting.DataProviderAnnotation" time="8.886" errors="0" timestamp="2023-11-15T12:02:28 IST" skipped="0">
  <testcase classname="com.app.TestNG.DataDrivenTesting.DataProviderAnnotation" name="CreateAccount" time="2.807"/>
  <system-out/>
  <testcase classname="com.app.TestNG.DataDrivenTesting.DataProviderAnnotation" name="CreateAccount" time="2.932"/>
  <system-out/>
  <testcase classname="com.app.TestNG.DataDrivenTesting.DataProviderAnnotation" name="CreateAccount" time="3.147"/>
  <system-out/>
</testsuite> <!-- com.app.TestNG.DataDrivenTesting.DataProviderAnnotation -->
