<?xml version="1.0" encoding="UTF-8"?>
<!-- Generated by org.testng.reporters.JUnitReportReporter -->
<testsuite hostname="Anshul-Laptop" failures="0" tests="7" name="testScenario1.Sample2" time="0.012" errors="0" timestamp="2023-11-14T11:18:54 IST" skipped="0">
  <testcase classname="testScenario1.Sample2" name="opentheAccountpage" time="0.001"/>
  <system-out/>
  <testcase classname="testScenario1.Sample2" name="opentheAccountpage" time="0.001"/>
  <system-out/>
  <testcase classname="testScenario1.Sample2" name="login" time="0.002"/>
  <system-out/>
  <testcase classname="testScenario1.Sample2" name="Accounts" time="0.001"/>
  <system-out/>
  <testcase classname="testScenario1.Sample2" name="Accounts" time="0.002"/>
  <system-out/>
  <testcase classname="testScenario1.Sample2" name="Logouts" time="0.003"/>
  <system-out/>
  <testcase classname="testScenario1.Sample2" name="Logouts" time="0.002"/>
  <system-out/>
</testsuite> <!-- testScenario1.Sample2 -->
