<?xml version="1.0" encoding="UTF-8"?>
<!-- Generated by org.testng.reporters.JUnitReportReporter -->
<testsuite hostname="Anshul-Laptop" failures="0" tests="9" name="com.app.TesrNGScripts.TestAnnotation" time="123.641" errors="0" timestamp="2023-11-14T13:59:50 IST" skipped="0">
  <testcase classname="com.app.TesrNGScripts.TestAnnotation" name="LoginWithValidCredentials" time="16.208"/>
  <system-out/>
  <testcase classname="com.app.TesrNGScripts.TestAnnotation" name="Login" time="10.020"/>
  <system-out/>
  <testcase classname="com.app.TesrNGScripts.TestAnnotation" name="LoginWithValidCredentials" time="9.933"/>
  <system-out/>
  <testcase classname="com.app.TesrNGScripts.TestAnnotation" name="Login" time="23.308"/>
  <system-out/>
  <testcase classname="com.app.TesrNGScripts.TestAnnotation" name="LoginWithValidCredentials" time="11.308"/>
  <system-out/>
  <testcase classname="com.app.TesrNGScripts.TestAnnotation" name="logoutFromapplication" time="23.685"/>
  <system-out/>
  <testcase classname="com.app.TesrNGScripts.TestAnnotation" name="logoutFromapplication" time="10.761"/>
  <system-out/>
  <testcase classname="com.app.TesrNGScripts.TestAnnotation" name="Login" time="9.673"/>
  <system-out/>
  <testcase classname="com.app.TesrNGScripts.TestAnnotation" name="logoutFromapplication" time="8.745"/>
  <system-out/>
</testsuite> <!-- com.app.TesrNGScripts.TestAnnotation -->
