<?xml version="1.0" encoding="UTF-8"?>
<!-- Generated by org.testng.reporters.JUnitReportReporter -->
<testsuite hostname="Anshul-Laptop" failures="0" tests="1" name="com.app.SeleniumGridDemo.GRIDStandaloneDemo" time="16.046" errors="0" timestamp="2023-11-15T13:53:33 IST" skipped="0">
  <testcase classname="com.app.SeleniumGridDemo.GRIDStandaloneDemo" name="GridDemo1" time="16.046"/>
  <system-out/>
</testsuite> <!-- com.app.SeleniumGridDemo.GRIDStandaloneDemo -->
