<?xml version="1.0" encoding="UTF-8"?>
<!-- Generated by org.testng.reporters.JUnitReportReporter -->
<testsuite hostname="Anshul-Laptop" failures="0" tests="6" name="com.app.TesrNGScripts.BeforeAfterMethodAnnotation" time="69.503" errors="0" timestamp="2023-11-14T13:59:50 IST" skipped="0">
  <testcase classname="com.app.TesrNGScripts.BeforeAfterMethodAnnotation" name="LoginWiethValidCredentials" time="8.585"/>
  <system-out/>
  <testcase classname="com.app.TesrNGScripts.BeforeAfterMethodAnnotation" name="logoutFromApplication" time="11.286"/>
  <system-out/>
  <testcase classname="com.app.TesrNGScripts.BeforeAfterMethodAnnotation" name="LoginWiethValidCredentials" time="13.601"/>
  <system-out/>
  <testcase classname="com.app.TesrNGScripts.BeforeAfterMethodAnnotation" name="logoutFromApplication" time="10.869"/>
  <system-out/>
  <testcase classname="com.app.TesrNGScripts.BeforeAfterMethodAnnotation" name="LoginWiethValidCredentials" time="14.173"/>
  <system-out/>
  <testcase classname="com.app.TesrNGScripts.BeforeAfterMethodAnnotation" name="logoutFromApplication" time="10.989"/>
  <system-out/>
</testsuite> <!-- com.app.TesrNGScripts.BeforeAfterMethodAnnotation -->
