<?xml version="1.0" encoding="UTF-8"?>
<!-- Generated by org.testng.reporters.JUnitReportReporter -->
<testsuite hostname="Anshul-Laptop" failures="0" tests="7" name="testScenario1.Sample1" time="0.031" errors="0" timestamp="2023-11-14T11:18:54 IST" skipped="0">
  <testcase classname="testScenario1.Sample1" name="openapp" time="0.024"/>
  <system-out/>
  <testcase classname="testScenario1.Sample1" name="openapp" time="0.001"/>
  <system-out/>
  <testcase classname="testScenario1.Sample1" name="loginSample1" time="0.001"/>
  <system-out/>
  <testcase classname="testScenario1.Sample1" name="loginWithInvaliddata" time="0.001"/>
  <system-out/>
  <testcase classname="testScenario1.Sample1" name="loginWithInvaliddata" time="0.002"/>
  <system-out/>
  <testcase classname="testScenario1.Sample1" name="loginWithWrongPassword" time="0.001"/>
  <system-out/>
  <testcase classname="testScenario1.Sample1" name="loginWithWrongPassword" time="0.001"/>
  <system-out/>
</testsuite> <!-- testScenario1.Sample1 -->
