<?xml version="1.0" encoding="UTF-8"?>
<!-- Generated by org.testng.reporters.JUnitReportReporter -->
<testsuite hostname="Anshul-Laptop" failures="0" tests="1" name="com.app.TestNG.extentreports.SetUpCheck" time="0.960" errors="0" timestamp="2023-11-14T12:59:47 IST" skipped="0">
  <testcase classname="com.app.TestNG.extentreports.SetUpCheck" name="extentdemo" time="0.960"/>
  <system-out/>
</testsuite> <!-- com.app.TestNG.extentreports.SetUpCheck -->
