<?xml version="1.0" encoding="UTF-8"?>
<!-- Generated by org.testng.reporters.JUnitReportReporter -->
<testsuite hostname="Anshul-Laptop" failures="0" tests="2" name="com.ninjademo.qa.TestPages.HomePageTest" time="13.349" errors="0" timestamp="2023-11-17T14:20:40 IST" skipped="0">
  <testcase classname="com.ninjademo.qa.TestPages.HomePageTest" name="clickOnRegisterPage" time="6.844"/>
  <system-out/>
  <testcase classname="com.ninjademo.qa.TestPages.HomePageTest" name="clickOnLogin" time="6.505"/>
  <system-out/>
</testsuite> <!-- com.ninjademo.qa.TestPages.HomePageTest -->
