<?xml version="1.0" encoding="UTF-8"?>
<!-- Generated by org.testng.reporters.JUnitReportReporter -->
<testsuite hostname="Anshul-Laptop" failures="0" tests="4" name="com.ninjademo.qa.TestPages.TestRegisterPage" time="67.122" errors="0" timestamp="2023-11-17T14:32:11 IST" skipped="0">
  <testcase classname="com.ninjademo.qa.TestPages.TestRegisterPage" name="RegisterUser" time="20.695"/>
  <system-out/>
  <testcase classname="com.ninjademo.qa.TestPages.TestRegisterPage" name="RegisterUser" time="17.199"/>
  <system-out/>
  <testcase classname="com.ninjademo.qa.TestPages.TestRegisterPage" name="RegisterUser" time="16.345"/>
  <system-out/>
  <testcase classname="com.ninjademo.qa.TestPages.TestRegisterPage" name="RegisterUser" time="12.883"/>
  <system-out/>
</testsuite> <!-- com.ninjademo.qa.TestPages.TestRegisterPage -->
